{"/Users/clch/Documents/SonoGraph/SonoGraphWebApp/src/data/genreStore.ts": {"path":"/Users/clch/Documents/SonoGraph/SonoGraphWebApp/src/data/genreStore.ts","all":false,"statementMap":{"0":{"start":{"line":1,"column":0},"end":{"line":1,"column":37}},"24":{"start":{"line":25,"column":0},"end":{"line":25,"column":49}},"25":{"start":{"line":26,"column":0},"end":{"line":26,"column":86}},"26":{"start":{"line":27,"column":0},"end":{"line":27,"column":32}},"27":{"start":{"line":28,"column":0},"end":{"line":28,"column":35}},"28":{"start":{"line":29,"column":0},"end":{"line":29,"column":20}},"30":{"start":{"line":31,"column":0},"end":{"line":31,"column":47}},"31":{"start":{"line":32,"column":0},"end":{"line":32,"column":34}},"32":{"start":{"line":33,"column":0},"end":{"line":33,"column":36}},"33":{"start":{"line":34,"column":0},"end":{"line":34,"column":34}},"34":{"start":{"line":35,"column":0},"end":{"line":35,"column":46}},"35":{"start":{"line":36,"column":0},"end":{"line":36,"column":40}},"36":{"start":{"line":37,"column":0},"end":{"line":37,"column":50}},"37":{"start":{"line":38,"column":0},"end":{"line":38,"column":32}},"38":{"start":{"line":39,"column":0},"end":{"line":39,"column":38}},"39":{"start":{"line":40,"column":0},"end":{"line":40,"column":32}},"40":{"start":{"line":41,"column":0},"end":{"line":41,"column":34}},"41":{"start":{"line":42,"column":0},"end":{"line":42,"column":36}},"42":{"start":{"line":43,"column":0},"end":{"line":43,"column":44}},"43":{"start":{"line":44,"column":0},"end":{"line":44,"column":34}},"44":{"start":{"line":45,"column":0},"end":{"line":45,"column":40}},"45":{"start":{"line":46,"column":0},"end":{"line":46,"column":36}},"46":{"start":{"line":47,"column":0},"end":{"line":47,"column":36}},"47":{"start":{"line":48,"column":0},"end":{"line":48,"column":38}},"48":{"start":{"line":49,"column":0},"end":{"line":49,"column":2}},"50":{"start":{"line":51,"column":0},"end":{"line":51,"column":51}},"51":{"start":{"line":52,"column":0},"end":{"line":52,"column":7}},"52":{"start":{"line":53,"column":0},"end":{"line":53,"column":55}},"53":{"start":{"line":54,"column":0},"end":{"line":54,"column":33}},"54":{"start":{"line":55,"column":0},"end":{"line":55,"column":60}},"55":{"start":{"line":56,"column":0},"end":{"line":56,"column":7}},"57":{"start":{"line":58,"column":0},"end":{"line":58,"column":36}},"58":{"start":{"line":59,"column":0},"end":{"line":59,"column":15}},"59":{"start":{"line":60,"column":0},"end":{"line":60,"column":19}},"60":{"start":{"line":61,"column":0},"end":{"line":61,"column":35}},"61":{"start":{"line":62,"column":0},"end":{"line":62,"column":31}},"62":{"start":{"line":63,"column":0},"end":{"line":63,"column":31}},"63":{"start":{"line":64,"column":0},"end":{"line":64,"column":17}},"64":{"start":{"line":65,"column":0},"end":{"line":65,"column":23}},"65":{"start":{"line":66,"column":0},"end":{"line":66,"column":33}},"66":{"start":{"line":67,"column":0},"end":{"line":67,"column":8}},"68":{"start":{"line":69,"column":0},"end":{"line":69,"column":39}},"69":{"start":{"line":70,"column":0},"end":{"line":70,"column":27}},"70":{"start":{"line":71,"column":0},"end":{"line":71,"column":19}},"71":{"start":{"line":72,"column":0},"end":{"line":72,"column":62}},"72":{"start":{"line":73,"column":0},"end":{"line":73,"column":8}},"74":{"start":{"line":75,"column":0},"end":{"line":75,"column":19}},"75":{"start":{"line":76,"column":0},"end":{"line":76,"column":17}},"76":{"start":{"line":77,"column":0},"end":{"line":77,"column":63}},"77":{"start":{"line":78,"column":0},"end":{"line":78,"column":20}},"78":{"start":{"line":79,"column":0},"end":{"line":79,"column":14}},"79":{"start":{"line":80,"column":0},"end":{"line":80,"column":3}},"80":{"start":{"line":81,"column":0},"end":{"line":81,"column":1}},"82":{"start":{"line":83,"column":0},"end":{"line":83,"column":38}},"83":{"start":{"line":84,"column":0},"end":{"line":84,"column":94}},"84":{"start":{"line":85,"column":0},"end":{"line":85,"column":16}},"85":{"start":{"line":86,"column":0},"end":{"line":86,"column":1}},"87":{"start":{"line":88,"column":0},"end":{"line":88,"column":41}},"88":{"start":{"line":89,"column":0},"end":{"line":89,"column":95}},"89":{"start":{"line":90,"column":0},"end":{"line":90,"column":18}},"90":{"start":{"line":91,"column":0},"end":{"line":91,"column":1}},"92":{"start":{"line":93,"column":0},"end":{"line":93,"column":61}},"93":{"start":{"line":94,"column":0},"end":{"line":94,"column":41}},"94":{"start":{"line":95,"column":0},"end":{"line":95,"column":1}},"96":{"start":{"line":97,"column":0},"end":{"line":97,"column":60}},"97":{"start":{"line":98,"column":0},"end":{"line":98,"column":104}},"98":{"start":{"line":99,"column":0},"end":{"line":99,"column":1}}},"s":{"0":1,"24":1,"25":1,"26":1,"27":1,"28":1,"30":1,"31":1,"32":1,"33":1,"34":1,"35":1,"36":1,"37":1,"38":1,"39":1,"40":1,"41":1,"42":1,"43":1,"44":1,"45":1,"46":1,"47":1,"48":1,"50":1,"51":9,"52":9,"53":9,"54":9,"55":9,"57":8,"58":16,"59":16,"60":16,"61":16,"62":16,"63":16,"64":16,"65":16,"66":16,"68":8,"69":8,"70":8,"71":8,"72":8,"74":8,"75":9,"76":1,"77":1,"78":1,"79":1,"80":9,"82":1,"83":1,"84":1,"85":1,"87":1,"88":1,"89":1,"90":1,"92":1,"93":3,"94":3,"96":1,"97":15,"98":15},"branchMap":{"0":{"type":"branch","line":51,"loc":{"start":{"line":51,"column":7},"end":{"line":81,"column":1}},"locations":[{"start":{"line":51,"column":7},"end":{"line":81,"column":1}}]},"1":{"type":"branch","line":56,"loc":{"start":{"line":56,"column":5},"end":{"line":76,"column":4}},"locations":[{"start":{"line":56,"column":5},"end":{"line":76,"column":4}}]},"2":{"type":"branch","line":76,"loc":{"start":{"line":76,"column":4},"end":{"line":80,"column":3}},"locations":[{"start":{"line":76,"column":4},"end":{"line":80,"column":3}}]},"3":{"type":"branch","line":58,"loc":{"start":{"line":58,"column":27},"end":{"line":67,"column":8}},"locations":[{"start":{"line":58,"column":27},"end":{"line":67,"column":8}}]},"4":{"type":"branch","line":62,"loc":{"start":{"line":62,"column":24},"end":{"line":62,"column":30}},"locations":[{"start":{"line":62,"column":24},"end":{"line":62,"column":30}}]},"5":{"type":"branch","line":63,"loc":{"start":{"line":63,"column":24},"end":{"line":63,"column":30}},"locations":[{"start":{"line":63,"column":24},"end":{"line":63,"column":30}}]},"6":{"type":"branch","line":69,"loc":{"start":{"line":69,"column":30},"end":{"line":73,"column":8}},"locations":[{"start":{"line":69,"column":30},"end":{"line":73,"column":8}}]},"7":{"type":"branch","line":72,"loc":{"start":{"line":72,"column":32},"end":{"line":72,"column":62}},"locations":[{"start":{"line":72,"column":32},"end":{"line":72,"column":62}}]},"8":{"type":"branch","line":83,"loc":{"start":{"line":83,"column":7},"end":{"line":86,"column":1}},"locations":[{"start":{"line":83,"column":7},"end":{"line":86,"column":1}}]},"9":{"type":"branch","line":84,"loc":{"start":{"line":84,"column":16},"end":{"line":84,"column":94}},"locations":[{"start":{"line":84,"column":16},"end":{"line":84,"column":94}}]},"10":{"type":"branch","line":88,"loc":{"start":{"line":88,"column":7},"end":{"line":91,"column":1}},"locations":[{"start":{"line":88,"column":7},"end":{"line":91,"column":1}}]},"11":{"type":"branch","line":89,"loc":{"start":{"line":89,"column":16},"end":{"line":89,"column":95}},"locations":[{"start":{"line":89,"column":16},"end":{"line":89,"column":95}}]},"12":{"type":"branch","line":93,"loc":{"start":{"line":93,"column":7},"end":{"line":95,"column":1}},"locations":[{"start":{"line":93,"column":7},"end":{"line":95,"column":1}}]},"13":{"type":"branch","line":94,"loc":{"start":{"line":94,"column":21},"end":{"line":94,"column":41}},"locations":[{"start":{"line":94,"column":21},"end":{"line":94,"column":41}}]},"14":{"type":"branch","line":97,"loc":{"start":{"line":97,"column":7},"end":{"line":99,"column":1}},"locations":[{"start":{"line":97,"column":7},"end":{"line":99,"column":1}}]},"15":{"type":"branch","line":98,"loc":{"start":{"line":98,"column":39},"end":{"line":98,"column":59}},"locations":[{"start":{"line":98,"column":39},"end":{"line":98,"column":59}}]},"16":{"type":"branch","line":98,"loc":{"start":{"line":98,"column":50},"end":{"line":98,"column":82}},"locations":[{"start":{"line":98,"column":50},"end":{"line":98,"column":82}}]},"17":{"type":"branch","line":98,"loc":{"start":{"line":98,"column":82},"end":{"line":98,"column":104}},"locations":[{"start":{"line":98,"column":82},"end":{"line":98,"column":104}}]},"18":{"type":"branch","line":98,"loc":{"start":{"line":98,"column":23},"end":{"line":98,"column":50}},"locations":[{"start":{"line":98,"column":23},"end":{"line":98,"column":50}}]}},"b":{"0":[9],"1":[8],"2":[1],"3":[16],"4":[0],"5":[8],"6":[8],"7":[0],"8":[1],"9":[0],"10":[1],"11":[0],"12":[3],"13":[5],"14":[15],"15":[1],"16":[14],"17":[0],"18":[2]},"fnMap":{"0":{"name":"loadGenres","decl":{"start":{"line":51,"column":7},"end":{"line":81,"column":1}},"loc":{"start":{"line":51,"column":7},"end":{"line":81,"column":1}},"line":51},"1":{"name":"getGenres","decl":{"start":{"line":83,"column":7},"end":{"line":86,"column":1}},"loc":{"start":{"line":83,"column":7},"end":{"line":86,"column":1}},"line":83},"2":{"name":"getFamilies","decl":{"start":{"line":88,"column":7},"end":{"line":91,"column":1}},"loc":{"start":{"line":88,"column":7},"end":{"line":91,"column":1}},"line":88},"3":{"name":"getGenreById","decl":{"start":{"line":93,"column":7},"end":{"line":95,"column":1}},"loc":{"start":{"line":93,"column":7},"end":{"line":95,"column":1}},"line":93},"4":{"name":"getFamilyColor","decl":{"start":{"line":97,"column":7},"end":{"line":99,"column":1}},"loc":{"start":{"line":97,"column":7},"end":{"line":99,"column":1}},"line":97}},"f":{"0":9,"1":1,"2":1,"3":3,"4":15}}
,"/Users/clch/Documents/SonoGraph/SonoGraphWebApp/src/data/graph.ts": {"path":"/Users/clch/Documents/SonoGraph/SonoGraphWebApp/src/data/graph.ts","all":false,"statementMap":{"0":{"start":{"line":1,"column":0},"end":{"line":1,"column":80}},"1":{"start":{"line":2,"column":0},"end":{"line":2,"column":85}},"19":{"start":{"line":20,"column":0},"end":{"line":20,"column":89}},"20":{"start":{"line":21,"column":0},"end":{"line":21,"column":48}},"21":{"start":{"line":22,"column":0},"end":{"line":22,"column":78}},"22":{"start":{"line":23,"column":0},"end":{"line":23,"column":12}},"23":{"start":{"line":24,"column":0},"end":{"line":24,"column":15}},"24":{"start":{"line":25,"column":0},"end":{"line":25,"column":19}},"25":{"start":{"line":26,"column":0},"end":{"line":26,"column":23}},"26":{"start":{"line":27,"column":0},"end":{"line":27,"column":45}},"27":{"start":{"line":28,"column":0},"end":{"line":28,"column":38}},"28":{"start":{"line":29,"column":0},"end":{"line":29,"column":15}},"29":{"start":{"line":30,"column":0},"end":{"line":30,"column":6}},"30":{"start":{"line":31,"column":0},"end":{"line":31,"column":5}},"32":{"start":{"line":33,"column":0},"end":{"line":33,"column":32}},"33":{"start":{"line":34,"column":0},"end":{"line":34,"column":27}},"34":{"start":{"line":35,"column":0},"end":{"line":35,"column":38}},"35":{"start":{"line":36,"column":0},"end":{"line":36,"column":98}},"36":{"start":{"line":37,"column":0},"end":{"line":37,"column":5}},"37":{"start":{"line":38,"column":0},"end":{"line":38,"column":38}},"38":{"start":{"line":39,"column":0},"end":{"line":39,"column":99}},"39":{"start":{"line":40,"column":0},"end":{"line":40,"column":5}},"40":{"start":{"line":41,"column":0},"end":{"line":41,"column":3}},"41":{"start":{"line":42,"column":0},"end":{"line":42,"column":26}},"42":{"start":{"line":43,"column":0},"end":{"line":43,"column":1}}},"s":{"0":1,"1":1,"19":1,"20":5,"21":13,"22":13,"23":13,"24":13,"25":13,"26":13,"27":13,"28":13,"29":13,"30":13,"32":5,"33":5,"34":13,"35":5,"36":5,"37":13,"38":4,"39":4,"40":13,"41":5,"42":5},"branchMap":{"0":{"type":"branch","line":20,"loc":{"start":{"line":20,"column":7},"end":{"line":43,"column":1}},"locations":[{"start":{"line":20,"column":7},"end":{"line":43,"column":1}}]},"1":{"type":"branch","line":34,"loc":{"start":{"line":34,"column":26},"end":{"line":41,"column":3}},"locations":[{"start":{"line":34,"column":26},"end":{"line":41,"column":3}}]},"2":{"type":"branch","line":35,"loc":{"start":{"line":35,"column":29},"end":{"line":35,"column":35}},"locations":[{"start":{"line":35,"column":29},"end":{"line":35,"column":35}}]},"3":{"type":"branch","line":35,"loc":{"start":{"line":35,"column":37},"end":{"line":37,"column":5}},"locations":[{"start":{"line":35,"column":37},"end":{"line":37,"column":5}}]},"4":{"type":"branch","line":36,"loc":{"start":{"line":36,"column":42},"end":{"line":36,"column":98}},"locations":[{"start":{"line":36,"column":42},"end":{"line":36,"column":98}}]},"5":{"type":"branch","line":38,"loc":{"start":{"line":38,"column":29},"end":{"line":38,"column":35}},"locations":[{"start":{"line":38,"column":29},"end":{"line":38,"column":35}}]},"6":{"type":"branch","line":38,"loc":{"start":{"line":38,"column":37},"end":{"line":40,"column":5}},"locations":[{"start":{"line":38,"column":37},"end":{"line":40,"column":5}}]},"7":{"type":"branch","line":21,"loc":{"start":{"line":21,"column":40},"end":{"line":31,"column":5}},"locations":[{"start":{"line":21,"column":40},"end":{"line":31,"column":5}}]},"8":{"type":"branch","line":22,"loc":{"start":{"line":22,"column":37},"end":{"line":22,"column":71}},"locations":[{"start":{"line":22,"column":37},"end":{"line":22,"column":71}}]},"9":{"type":"branch","line":36,"loc":{"start":{"line":36,"column":22},"end":{"line":36,"column":42}},"locations":[{"start":{"line":36,"column":22},"end":{"line":36,"column":42}}]},"10":{"type":"branch","line":39,"loc":{"start":{"line":39,"column":22},"end":{"line":39,"column":42}},"locations":[{"start":{"line":39,"column":22},"end":{"line":39,"column":42}}]}},"b":{"0":[5],"1":[13],"2":[0],"3":[5],"4":[4],"5":[9],"6":[4],"7":[13],"8":[37],"9":[5],"10":[12]},"fnMap":{"0":{"name":"buildGraph","decl":{"start":{"line":20,"column":7},"end":{"line":43,"column":1}},"loc":{"start":{"line":20,"column":7},"end":{"line":43,"column":1}},"line":20}},"f":{"0":5}}
,"/Users/clch/Documents/SonoGraph/SonoGraphWebApp/src/lib/utils.ts": {"path":"/Users/clch/Documents/SonoGraph/SonoGraphWebApp/src/lib/utils.ts","all":false,"statementMap":{"0":{"start":{"line":1,"column":0},"end":{"line":1,"column":45}},"3":{"start":{"line":4,"column":0},"end":{"line":4,"column":45}},"4":{"start":{"line":5,"column":0},"end":{"line":5,"column":31}},"5":{"start":{"line":6,"column":0},"end":{"line":6,"column":1}}},"s":{"0":1,"3":1,"4":3,"5":3},"branchMap":{"0":{"type":"branch","line":4,"loc":{"start":{"line":4,"column":7},"end":{"line":6,"column":1}},"locations":[{"start":{"line":4,"column":7},"end":{"line":6,"column":1}}]}},"b":{"0":[3]},"fnMap":{"0":{"name":"cn","decl":{"start":{"line":4,"column":7},"end":{"line":6,"column":1}},"loc":{"start":{"line":4,"column":7},"end":{"line":6,"column":1}},"line":4}},"f":{"0":3}}
}
